Flutter crash report.
Please report a bug at https://github.com/flutter/flutter/issues.

## command

flutter run

## exception

FileSystemException: FileSystemException: Creation of temporary directory failed, path = '/var/folders/2q/hfjf_xc53bd50cx3r2x966480000gn/T/flutter_tools.' (OS Error: No space left on device, errno = 28)

```
#0      _Directory.createTempSync (dart:io/directory_impl.dart:170:7)
#1      ForwardingDirectory.createTempSync (package:file/src/forwarding/forwarding_directory.dart:28:21)
#2      LocalFileSystem.systemTempDirectory (package:flutter_tools/src/base/file_system.dart:236:46)
#3      ErrorHandlingFileSystem.systemTempDirectory (package:flutter_tools/src/base/error_handling_io.dart:127:31)
#4      IOSCoreDeviceControl._listCoreDevices (package:flutter_tools/src/ios/core_devices.dart:65:49)
#5      IOSCoreDeviceControl.getCoreDevices (package:flutter_tools/src/ios/core_devices.dart:120:48)
#6      XCDevice.getAvailableIOSDevices (package:flutter_tools/src/macos/xcdevice.dart:487:72)
<asynchronous suspension>
#7      PollingDeviceDiscovery._populateDevices (package:flutter_tools/src/device.dart:548:36)
<asynchronous suspension>
#8      Future.wait.<anonymous closure> (dart:async/future.dart:520:21)
<asynchronous suspension>
#9      DeviceManager.getAllDevices (package:flutter_tools/src/device.dart:199:40)
<asynchronous suspension>
#10     DeviceBasedDevelopmentArtifacts.requiredArtifacts (package:flutter_tools/src/runner/flutter_command.dart:1956:34)
<asynchronous suspension>
#11     FlutterCommand.verifyThenRunCommand (package:flutter_tools/src/runner/flutter_command.dart:1748:37)
<asynchronous suspension>
#12     FlutterCommand.run.<anonymous closure> (package:flutter_tools/src/runner/flutter_command.dart:1450:27)
<asynchronous suspension>
#13     AppContext.run.<anonymous closure> (package:flutter_tools/src/base/context.dart:153:19)
<asynchronous suspension>
#14     CommandRunner.runCommand (package:args/command_runner.dart:212:13)
<asynchronous suspension>
#15     FlutterCommandRunner.runCommand.<anonymous closure> (package:flutter_tools/src/runner/flutter_command_runner.dart:421:9)
<asynchronous suspension>
#16     AppContext.run.<anonymous closure> (package:flutter_tools/src/base/context.dart:153:19)
<asynchronous suspension>
#17     FlutterCommandRunner.runCommand (package:flutter_tools/src/runner/flutter_command_runner.dart:364:5)
<asynchronous suspension>
#18     run.<anonymous closure>.<anonymous closure> (package:flutter_tools/runner.dart:131:9)
<asynchronous suspension>
#19     AppContext.run.<anonymous closure> (package:flutter_tools/src/base/context.dart:153:19)
<asynchronous suspension>
#20     main (package:flutter_tools/executable.dart:94:3)
<asynchronous suspension>
```

## flutter doctor

```
[32m[✓][39m Flutter (Channel stable, 3.27.0, on macOS 15.0 24A335 darwin-arm64, locale en-US)
    [32m•[39m Flutter version 3.27.0 on channel stable at /Users/rishithavemulapalli/Documents/GSU_ACADEMICS/FALL_2024/Mobile_App_Dev/flutter
    [32m•[39m Upstream repository https://github.com/flutter/flutter.git
    [32m•[39m Framework revision 8495dee1fd (4 days ago), 2024-12-10 14:23:39 -0800
    [32m•[39m Engine revision 83bacfc525
    [32m•[39m Dart version 3.6.0
    [32m•[39m DevTools version 2.40.2

[32m[✓][39m Android toolchain - develop for Android devices (Android SDK version 35.0.0)
    [32m•[39m Android SDK at /Users/rishithavemulapalli/Library/Android/sdk
    [32m•[39m Platform android-35, build-tools 35.0.0
    [32m•[39m Java binary at: /Applications/Android Studio.app/Contents/jbr/Contents/Home/bin/java
    [32m•[39m Java version OpenJDK Runtime Environment (build 17.0.11+0-17.0.11b1207.24-11852314)
    [32m•[39m All Android licenses accepted.

[32m[✓][39m Xcode - develop for iOS and macOS (Xcode 16.2)
    [32m•[39m Xcode at /Applications/Xcode.app/Contents/Developer
    [32m•[39m Build 16C5032a
    [32m•[39m CocoaPods version 1.16.2

[32m[✓][39m Chrome - develop for the web
    [32m•[39m Chrome at /Applications/Google Chrome.app/Contents/MacOS/Google Chrome

[32m[✓][39m Android Studio (version 2024.1)
    [32m•[39m Android Studio at /Applications/Android Studio.app/Contents
    [32m•[39m Flutter plugin can be installed from:
      🔨 https://plugins.jetbrains.com/plugin/9212-flutter
    [32m•[39m Dart plugin can be installed from:
      🔨 https://plugins.jetbrains.com/plugin/6351-dart
    [32m•[39m Java version OpenJDK Runtime Environment (build 17.0.11+0-17.0.11b1207.24-11852314)

[32m[✓][39m VS Code (version 1.95.3)
    [32m•[39m VS Code at /Applications/Visual Studio Code.app/Contents
    [32m•[39m Flutter extension version 3.102.0

[32m[✓][39m Connected device (4 available)
    [32m•[39m iPhone 16 Pro (mobile)          • C9F57114-7FCD-4C63-9003-DB00F27A6B95 • ios            •
      com.apple.CoreSimulator.SimRuntime.iOS-18-0 (simulator)
    [32m•[39m macOS (desktop)                 • macos                                • darwin-arm64   • macOS 15.0 24A335 darwin-arm64
    [32m•[39m Mac Designed for iPad (desktop) • mac-designed-for-ipad                • darwin         • macOS 15.0 24A335 darwin-arm64
    [32m•[39m Chrome (web)                    • chrome                               • web-javascript • Google Chrome 131.0.6778.140

[32m[✓][39m Network resources
    [32m•[39m All expected network resources are available.

[32m•[39m No issues found!
```
